<?xml version="1.0" encoding="UTF-8"?>
<robot generator="Robot 6.0.1 (Python 3.10.0 on win32)" generated="20221126 20:47:11.223" rpa="false" schemaversion="3">
<suite id="s1" name="Add Ingredient" source="C:\Users\minna\code\Robot\rfw\venv\add_ingredient.robot">
<kw name="Open Browser" library="SeleniumLibrary" type="SETUP">
<arg>http://localhost:3000</arg>
<arg>chrome</arg>
<doc>Opens a new browser instance to the optional ``url``.</doc>
<msg timestamp="20221126 20:47:11.646" level="INFO">Opening browser 'chrome' to base url 'http://localhost:3000'.</msg>
<status status="PASS" starttime="20221126 20:47:11.645" endtime="20221126 20:47:14.958"/>
</kw>
<test id="s1-t1" name="Adding an ingredient" line="15">
<kw name="Open Navigation">
<kw name="Wait Until Page Contains Element" library="SeleniumLibrary">
<arg>xpath://*[@id="root"]/div/header/div</arg>
<doc>Waits until the element ``locator`` appears on the current page.</doc>
<status status="PASS" starttime="20221126 20:47:14.962" endtime="20221126 20:47:15.002"/>
</kw>
<kw name="Click Button" library="SeleniumLibrary">
<arg>xpath://*[@id="root"]/div[1]/header/div/button</arg>
<doc>Clicks the button identified by ``locator``.</doc>
<msg timestamp="20221126 20:47:15.003" level="INFO">Clicking button 'xpath://*[@id="root"]/div[1]/header/div/button'.</msg>
<status status="PASS" starttime="20221126 20:47:15.002" endtime="20221126 20:47:15.209"/>
</kw>
<status status="PASS" starttime="20221126 20:47:14.962" endtime="20221126 20:47:15.209"/>
</kw>
<kw name="Choose Ainekset">
<kw name="Wait Until Page Contains Element" library="SeleniumLibrary">
<arg>xpath://span[contains(text(), "Reseptisi")]</arg>
<doc>Waits until the element ``locator`` appears on the current page.</doc>
<status status="PASS" starttime="20221126 20:47:15.211" endtime="20221126 20:47:15.239"/>
</kw>
<kw name="Click Element" library="SeleniumLibrary">
<arg>xpath://span[contains(text(), '${ingredient_path}')]</arg>
<doc>Click the element identified by ``locator``.</doc>
<msg timestamp="20221126 20:47:15.241" level="INFO">Clicking element 'xpath://span[contains(text(), 'Ainekset')]'.</msg>
<status status="PASS" starttime="20221126 20:47:15.240" endtime="20221126 20:47:15.619"/>
</kw>
<status status="PASS" starttime="20221126 20:47:15.210" endtime="20221126 20:47:15.619"/>
</kw>
<kw name="Enter Ingredient">
<kw name="Page Should Contain Textfield" library="SeleniumLibrary">
<arg>xpath://input</arg>
<doc>Verifies text field ``locator`` is found from current page.</doc>
<msg timestamp="20221126 20:47:15.757" level="INFO">Current page contains text field 'xpath://input'.</msg>
<status status="PASS" starttime="20221126 20:47:15.621" endtime="20221126 20:47:15.757"/>
</kw>
<kw name="Click Element" library="SeleniumLibrary">
<arg>xpath://input</arg>
<doc>Click the element identified by ``locator``.</doc>
<msg timestamp="20221126 20:47:15.759" level="INFO">Clicking element 'xpath://input'.</msg>
<status status="PASS" starttime="20221126 20:47:15.757" endtime="20221126 20:47:15.868"/>
</kw>
<kw name="Input Text" library="SeleniumLibrary">
<arg>xpath://input</arg>
<arg>${ingredient}</arg>
<doc>Types the given ``text`` into the text field identified by ``locator``.</doc>
<msg timestamp="20221126 20:47:15.871" level="INFO">Typing text 'basilika' into text field 'xpath://input'.</msg>
<status status="PASS" starttime="20221126 20:47:15.868" endtime="20221126 20:47:16.413"/>
</kw>
<kw name="Click Button" library="SeleniumLibrary">
<arg>xpath://button[contains(text(), "Lisää aines")]</arg>
<doc>Clicks the button identified by ``locator``.</doc>
<msg timestamp="20221126 20:47:16.415" level="INFO">Clicking button 'xpath://button[contains(text(), "Lisää aines")]'.</msg>
<status status="PASS" starttime="20221126 20:47:16.413" endtime="20221126 20:47:16.573"/>
</kw>
<status status="PASS" starttime="20221126 20:47:15.620" endtime="20221126 20:47:16.573"/>
</kw>
<kw name="Check If The Ingredient Is On The List">
<kw name="Reload Page" library="SeleniumLibrary">
<doc>Simulates user reloading page.</doc>
<status status="PASS" starttime="20221126 20:47:16.575" endtime="20221126 20:47:16.649"/>
</kw>
<kw name="Page Should Contain" library="SeleniumLibrary">
<arg>${ingredient}</arg>
<doc>Verifies that current page contains ``text``.</doc>
<msg timestamp="20221126 20:47:17.022" level="INFO">Current page contains text 'basilika'.</msg>
<status status="PASS" starttime="20221126 20:47:16.650" endtime="20221126 20:47:17.022"/>
</kw>
<status status="PASS" starttime="20221126 20:47:16.574" endtime="20221126 20:47:17.023"/>
</kw>
<kw name="Delete The Ingredient">
<kw name="Click Button" library="SeleniumLibrary">
<arg>//*[@id="root"]/div[2]/ul/ul/li[35]/button</arg>
<doc>Clicks the button identified by ``locator``.</doc>
<msg timestamp="20221126 20:47:17.031" level="INFO">Clicking button '//*[@id="root"]/div[2]/ul/ul/li[35]/button'.</msg>
<status status="PASS" starttime="20221126 20:47:17.030" endtime="20221126 20:47:17.181"/>
</kw>
<status status="PASS" starttime="20221126 20:47:17.029" endtime="20221126 20:47:17.181"/>
</kw>
<kw name="Check That The Ingredient Is Not On The List">
<kw name="Reload Page" library="SeleniumLibrary">
<doc>Simulates user reloading page.</doc>
<status status="PASS" starttime="20221126 20:47:17.184" endtime="20221126 20:47:17.664"/>
</kw>
<kw name="Page Should Not Contain" library="SeleniumLibrary">
<arg>${ingredient}</arg>
<doc>Verifies the current page does not contain ``text``.</doc>
<msg timestamp="20221126 20:47:17.720" level="INFO">Current page does not contain text 'basilika'.</msg>
<status status="PASS" starttime="20221126 20:47:17.665" endtime="20221126 20:47:17.721"/>
</kw>
<status status="PASS" starttime="20221126 20:47:17.182" endtime="20221126 20:47:17.721"/>
</kw>
<kw name="Return To Main Page">
<kw name="Wait Until Page Contains Element" library="SeleniumLibrary">
<arg>xpath://a[contains(text(), "Reseptikirja")]</arg>
<doc>Waits until the element ``locator`` appears on the current page.</doc>
<status status="PASS" starttime="20221126 20:47:17.723" endtime="20221126 20:47:17.750"/>
</kw>
<kw name="Click Element" library="SeleniumLibrary">
<arg>xpath://a[contains(text(), "Reseptikirja")]</arg>
<doc>Click the element identified by ``locator``.</doc>
<msg timestamp="20221126 20:47:17.752" level="INFO">Clicking element 'xpath://a[contains(text(), "Reseptikirja")]'.</msg>
<status status="PASS" starttime="20221126 20:47:17.750" endtime="20221126 20:47:17.851"/>
</kw>
<status status="PASS" starttime="20221126 20:47:17.722" endtime="20221126 20:47:17.851"/>
</kw>
<doc>Add New Ingredient and Check if Exists</doc>
<tag>Functional</tag>
<status status="PASS" starttime="20221126 20:47:14.959" endtime="20221126 20:47:17.852"/>
</test>
<kw name="Close Browser" library="SeleniumLibrary" type="TEARDOWN">
<doc>Closes the current browser.</doc>
<status status="PASS" starttime="20221126 20:47:17.856" endtime="20221126 20:47:20.027"/>
</kw>
<status status="PASS" starttime="20221126 20:47:11.228" endtime="20221126 20:47:20.027"/>
</suite>
<statistics>
<total>
<stat pass="1" fail="0" skip="0">All Tests</stat>
</total>
<tag>
<stat pass="1" fail="0" skip="0">Functional</stat>
</tag>
<suite>
<stat pass="1" fail="0" skip="0" id="s1" name="Add Ingredient">Add Ingredient</stat>
</suite>
</statistics>
<errors>
<msg timestamp="20221126 20:47:11.641" level="ERROR">Error in file 'C:\Users\minna\code\Robot\rfw\venv\add_ingredient.robot' on line 7: Resource file '..\resource\tännelaitatsenresourcetiedoston.robot' does not exist.</msg>
</errors>
</robot>
